Determining if the pthread_create exist failed with the following output:
Change Dir: /home/aditya/manipulator_ws/build/CMakeFiles/CMakeTmp

Run Build Command:"/usr/bin/make" "cmTC_c9823/fast"
/usr/bin/make -f CMakeFiles/cmTC_c9823.dir/build.make CMakeFiles/cmTC_c9823.dir/build
make[1]: Entering directory '/home/aditya/manipulator_ws/build/CMakeFiles/CMakeTmp'
Building C object CMakeFiles/cmTC_c9823.dir/CheckSymbolExists.c.o
/usr/lib/ccache/cc     -o CMakeFiles/cmTC_c9823.dir/CheckSymbolExists.c.o   -c /home/aditya/manipulator_ws/build/CMakeFiles/CMakeTmp/CheckSymbolExists.c
Linking C executable cmTC_c9823
/usr/bin/cmake -E cmake_link_script CMakeFiles/cmTC_c9823.dir/link.txt --verbose=1
/usr/lib/ccache/cc       CMakeFiles/cmTC_c9823.dir/CheckSymbolExists.c.o  -o cmTC_c9823 -rdynamic 
CMakeFiles/cmTC_c9823.dir/CheckSymbolExists.c.o: In function `main':
CheckSymbolExists.c:(.text+0x16): undefined reference to `pthread_create'
collect2: error: ld returned 1 exit status
CMakeFiles/cmTC_c9823.dir/build.make:97: recipe for target 'cmTC_c9823' failed
make[1]: *** [cmTC_c9823] Error 1
make[1]: Leaving directory '/home/aditya/manipulator_ws/build/CMakeFiles/CMakeTmp'
Makefile:126: recipe for target 'cmTC_c9823/fast' failed
make: *** [cmTC_c9823/fast] Error 2

File /home/aditya/manipulator_ws/build/CMakeFiles/CMakeTmp/CheckSymbolExists.c:
/* */
#include <pthread.h>

int main(int argc, char** argv)
{
  (void)argv;
#ifndef pthread_create
  return ((int*)(&pthread_create))[argc];
#else
  (void)argc;
  return 0;
#endif
}

Determining if the function pthread_create exists in the pthreads failed with the following output:
Change Dir: /home/aditya/manipulator_ws/build/CMakeFiles/CMakeTmp

Run Build Command:"/usr/bin/make" "cmTC_c0f5e/fast"
/usr/bin/make -f CMakeFiles/cmTC_c0f5e.dir/build.make CMakeFiles/cmTC_c0f5e.dir/build
make[1]: Entering directory '/home/aditya/manipulator_ws/build/CMakeFiles/CMakeTmp'
Building C object CMakeFiles/cmTC_c0f5e.dir/CheckFunctionExists.c.o
/usr/lib/ccache/cc    -DCHECK_FUNCTION_EXISTS=pthread_create   -o CMakeFiles/cmTC_c0f5e.dir/CheckFunctionExists.c.o   -c /usr/share/cmake-3.5/Modules/CheckFunctionExists.c
Linking C executable cmTC_c0f5e
/usr/bin/cmake -E cmake_link_script CMakeFiles/cmTC_c0f5e.dir/link.txt --verbose=1
/usr/lib/ccache/cc   -DCHECK_FUNCTION_EXISTS=pthread_create    CMakeFiles/cmTC_c0f5e.dir/CheckFunctionExists.c.o  -o cmTC_c0f5e -rdynamic -lpthreads 
/usr/bin/ld: cannot find -lpthreads
collect2: error: ld returned 1 exit status
CMakeFiles/cmTC_c0f5e.dir/build.make:97: recipe for target 'cmTC_c0f5e' failed
make[1]: *** [cmTC_c0f5e] Error 1
make[1]: Leaving directory '/home/aditya/manipulator_ws/build/CMakeFiles/CMakeTmp'
Makefile:126: recipe for target 'cmTC_c0f5e/fast' failed
make: *** [cmTC_c0f5e/fast] Error 2


